token main -> position in table: 2 position in list: 0
token { -> position in table: 11 position in list: 0
token int -> position in table: 1 position in list: 0
token a -> position in table: 1 position in list: 1
token , -> position in table: 12 position in list: 0
token b -> position in table: 2 position in list: 1
token , -> position in table: 12 position in list: 0
token c -> position in table: 3 position in list: 0
token , -> position in table: 12 position in list: 0
token max -> position in table: 7 position in list: 0
token ; -> position in table: 11 position in list: 1
token read -> position in table: 15 position in list: 0
token ( -> position in table: 8 position in list: 0
token a -> position in table: 1 position in list: 1
token ) -> position in table: 9 position in list: 0
token ; -> position in table: 11 position in list: 1
token read -> position in table: 15 position in list: 0
token ( -> position in table: 8 position in list: 0
token b -> position in table: 2 position in list: 1
token ) -> position in table: 9 position in list: 0
token ; -> position in table: 11 position in list: 1
token read -> position in table: 15 position in list: 0
token ( -> position in table: 8 position in list: 0
token c -> position in table: 3 position in list: 0
token ) -> position in table: 9 position in list: 0
token ; -> position in table: 11 position in list: 1
token max -> position in table: 7 position in list: 0
token = -> position in table: 13 position in list: 0
token a -> position in table: 1 position in list: 1
token ; -> position in table: 11 position in list: 1
token if -> position in table: 5 position in list: 0
token ( -> position in table: 8 position in list: 0
token b -> position in table: 2 position in list: 1
token > -> position in table: 14 position in list: 0
token max -> position in table: 7 position in list: 0
token ) -> position in table: 9 position in list: 0
token { -> position in table: 11 position in list: 0
token max -> position in table: 7 position in list: 0
token = -> position in table: 13 position in list: 0
token b -> position in table: 2 position in list: 1
token ; -> position in table: 11 position in list: 1
token } -> position in table: 13 position in list: 1
token if -> position in table: 5 position in list: 0
token ( -> position in table: 8 position in list: 0
token c -> position in table: 3 position in list: 0
token > -> position in table: 14 position in list: 0
token max -> position in table: 7 position in list: 0
token ) -> position in table: 9 position in list: 0
token { -> position in table: 11 position in list: 0
token max -> position in table: 7 position in list: 0
token = -> position in table: 13 position in list: 0
token c -> position in table: 3 position in list: 0
token ; -> position in table: 11 position in list: 1
token } -> position in table: 13 position in list: 1
token write -> position in table: 15 position in list: 1
token ( -> position in table: 8 position in list: 0
token " -> position in table: 2 position in list: 2
token maximum: -> position in table: 5 position in list: 1
token " -> position in table: 2 position in list: 2
token ) -> position in table: 9 position in list: 0
token ; -> position in table: 11 position in list: 1
token write -> position in table: 15 position in list: 1
token ( -> position in table: 8 position in list: 0
token max -> position in table: 7 position in list: 0
token ) -> position in table: 9 position in list: 0
token ; -> position in table: 11 position in list: 1
token } -> position in table: 13 position in list: 1
